<?xml version="1.0" encoding="UTF-8"?>
<testsuites>
  <testsuite name="Tests\Feature\AppointmentTest" file="C:\Users\Lisbeth\Desktop\laravel_barbershop\tests\Feature\AppointmentTest.php" tests="5" assertions="43" errors="0" failures="0" skipped="0" time="3.981046">
    <testcase name="un_cliente_puede_reservar_una_cita" file="C:\Users\Lisbeth\Desktop\laravel_barbershop\tests\Feature\AppointmentTest.php" line="22" class="Tests\Feature\AppointmentTest" classname="Tests.Feature.AppointmentTest" assertions="3" time="3.408847"/>
    <testcase name="it_fails_to_create_an_appointment_without_required_fields" file="C:\Users\Lisbeth\Desktop\laravel_barbershop\tests\Feature\AppointmentTest.php" line="62" class="Tests\Feature\AppointmentTest" classname="Tests.Feature.AppointmentTest" assertions="7" time="0.204413"/>
    <testcase name="it_fails_when_end_time_is_before_or_equal_to_start_time" file="C:\Users\Lisbeth\Desktop\laravel_barbershop\tests\Feature\AppointmentTest.php" line="85" class="Tests\Feature\AppointmentTest" classname="Tests.Feature.AppointmentTest" assertions="3" time="0.057395"/>
    <testcase name="obtener_citas_by_client_and_status" file="C:\Users\Lisbeth\Desktop\laravel_barbershop\tests\Feature\AppointmentTest.php" line="108" class="Tests\Feature\AppointmentTest" classname="Tests.Feature.AppointmentTest" assertions="14" time="0.171350"/>
    <testcase name="obtener_citas_by_client" file="C:\Users\Lisbeth\Desktop\laravel_barbershop\tests\Feature\AppointmentTest.php" line="155" class="Tests\Feature\AppointmentTest" classname="Tests.Feature.AppointmentTest" assertions="16" time="0.139041"/>
  </testsuite>
</testsuites>
